max eigen value
 
2.0
 
eigen size:
 
1000
 
max eigen value
 
(2.00000093547+0j)
 
eigen size:
 
6
 
max eigen value
 
(2.00952079615+0j)
 
eigen size:
 
6
 
max eigen value
 
(2.04533555537+0.0189348425835j)
 
eigen size:
 
6
 
max eigen value
 
(2.00023805196+0j)
 
eigen size:
 
6
 
max eigen value
 
(2.00000077369+0j)
 
eigen size:
 
6
 
max eigen value
 
(2.0001075693+0.000107576748464j)
 
eigen size:
 
6
 
max eigen value
 
(1+0j)
 
eigen size:
 
6
 
max eigen value
 
(2.99999227588+0j)
 
eigen size:
 
6
 
max eigen value
 
(2.99979392776+0j)
 
eigen size:
 
6
 
max eigen value
 
(4.37739303145+0.263665333306j)
 
eigen size:
 
6
 
max eigen value
 
(4.27642585889+0.139930250889j)
 
eigen size:
 
6
 
max eigen value
 
(3.00043834102+0j)
 
eigen size:
 
6
 
max eigen value
 
(3.00008353857+0j)
 
eigen size:
 
6
 
max eigen value
 
(3.09002466944+0j)
 
eigen size:
 
6
 
max eigen value
 
(4.46735104585+0.267202455424j)
 
eigen size:
 
6
 
max eigen value
 
(3.09002466944+0j)
 
eigen size:
 
6
 
max eigen value
 
(4.41785478109+0.236350971151j)
 
eigen size:
 
6
 
max eigen value
 
(3.0152014731+0j)
 
eigen size:
 
6
 
max eigen value
 
(3.16164178117+0j)
 
eigen size:
 
6
 
max eigen value
 
(4.42743313221+0j)
 
eigen size:
 
6
 
max eigen value
 
(3.08166467311+0.134411041752j)
 
eigen size:
 
6
 
max eigen value
 
(3.15393786809+0j)
 
eigen size:
 
6
 
max eigen value
 
(3.14713876876+0.127397293031j)
 
eigen size:
 
6
 
max eigen value
 
(3.12987302657+0j)
 
eigen size:
 
6
 
max eigen value
 
(3.25904400298+0j)
 
eigen size:
 
6
 
max eigen value
 
(3.20160502077+0.366200024679j)
 
eigen size:
 
6
 
max eigen value
 
(3.50245582715+0.187553928838j)
 
eigen size:
 
6
 
